<?xml version="1.0" encoding="UTF-8"?>
<!-- Generated by org.testng.reporters.JUnitReportReporter -->
<testsuite hostname="DESKTOP-QMFSNLK" failures="0" tests="4" name="testscript.Categorytest" time="62.841" errors="0" timestamp="2025-03-19T21:35:45 IST" skipped="0">
  <testcase classname="testscript.Categorytest" name="verifyUserIsAbleTodeleteTheCategoryField" time="15.959"/>
  <testcase classname="testscript.Categorytest" name="verifyUserIsAbleToupdateTheCategoryField" time="14.157"/>
  <testcase classname="testscript.Categorytest" name="verifyUserIsAbleTocreateNewCategory" time="16.168"/>
  <testcase classname="testscript.Categorytest" name="verifyUserIsAbleTosearchCategory" time="16.557"/>
</testsuite> <!-- testscript.Categorytest -->
