<?xml version="1.0" encoding="UTF-8"?>
<!-- Generated by org.testng.reporters.JUnitReportReporter -->
<testsuite hostname="DESKTOP-QMFSNLK" failures="0" tests="1" name="testscript.Managecontacttest" time="33.726" errors="0" timestamp="2025-03-12T07:27:15 IST" skipped="0">
  <testcase classname="testscript.Managecontacttest" name="verifyUserIsAbleToupdateTheContactDetailsInManage" time="33.726"/>
</testsuite> <!-- testscript.Managecontacttest -->
