<?xml version="1.0" encoding="UTF-8"?>
<!-- Generated by org.testng.reporters.JUnitReportReporter -->
<testsuite hostname="DESKTOP-QMFSNLK" failures="0" tests="4" name="testscript.Subcategorytest" time="68.527" errors="0" timestamp="2025-03-13T07:18:53 IST" skipped="0">
  <testcase classname="testscript.Subcategorytest" name="verifyUserIsAbleTosearchTheCreatedSubcategoryInSearchbar" time="16.796"/>
  <testcase classname="testscript.Subcategorytest" name="verifyUserIsAbleTocreateSubcategoryWithValidDetails" time="16.746"/>
  <testcase classname="testscript.Subcategorytest" name="verifyUserIsAbleToUpdateTheSubcategoryDetails" time="19.534"/>
  <testcase classname="testscript.Subcategorytest" name="verifyUserIsAbleToDeleteButtonInSubcategoryTable" time="15.451"/>
</testsuite> <!-- testscript.Subcategorytest -->
