<?xml version="1.0" encoding="UTF-8"?>
<!-- Generated by org.testng.reporters.JUnitReportReporter -->
<testsuite hostname="DESKTOP-QMFSNLK" failures="0" tests="7" name="testscript.Logintest" time="78.691" errors="0" timestamp="2025-03-19T21:35:45 IST" skipped="0">
  <testcase classname="testscript.Logintest" name="verifyUserLoginWithInValidCredential" time="11.602"/>
  <testcase classname="testscript.Logintest" name="verifyUserLoginWithInValidCredential" time="11.248"/>
  <testcase classname="testscript.Logintest" name="verifyUserLoginWithInValidCredential" time="11.178"/>
  <testcase classname="testscript.Logintest" name="verifyUserLoginWithValidCredential" time="11.494"/>
  <testcase classname="testscript.Logintest" name="verifyLoginwithInvalidUsernameAndValidpassword" time="10.424"/>
  <testcase classname="testscript.Logintest" name="verifyUserLoginWithValidUseranameAndInvalidPassword" time="12.417"/>
  <testcase classname="testscript.Logintest" name="verifyUserLoginWithInValidCredential" time="10.328"/>
</testsuite> <!-- testscript.Logintest -->
