<?xml version="1.0" encoding="UTF-8"?>
<!-- Generated by org.testng.reporters.JUnitReportReporter -->
<testsuite hostname="DESKTOP-QMFSNLK" failures="0" tests="3" name="testscript.Managenewstest" time="30.017" errors="0" timestamp="2025-03-12T07:42:02 IST" skipped="0">
  <testcase classname="testscript.Managenewstest" name="verifyUserIsAbleTocreateNewsInManageNews" time="10.047"/>
  <testcase classname="testscript.Managenewstest" name="verifyUserIsAbleToDeleteNewsinManageNews" time="11.023"/>
  <testcase classname="testscript.Managenewstest" name="verifyUserIsAbleToSearchNewsUsingSearchButton" time="8.947"/>
</testsuite> <!-- testscript.Managenewstest -->
