<?xml version="1.0" encoding="UTF-8"?>
<!-- Generated by org.testng.reporters.JUnitReportReporter -->
<testsuite hostname="DESKTOP-QMFSNLK" failures="0" tests="1" name="testscript.Managecontacttest" time="13.357" errors="0" timestamp="2025-03-18T21:05:32 IST" skipped="0">
  <testcase classname="testscript.Managecontacttest" name="verifyUserIsAbleToUpdateTheContactDetailsInManage" time="13.357"/>
</testsuite> <!-- testscript.Managecontacttest -->
