<?xml version="1.0" encoding="UTF-8"?>
<!-- Generated by org.testng.reporters.JUnitReportReporter -->
<testsuite hostname="DESKTOP-QMFSNLK" failures="0" tests="1" name="testscript.Managecontacttest" time="20.776" errors="0" timestamp="2025-03-19T21:35:45 IST" skipped="0">
  <testcase classname="testscript.Managecontacttest" name="verifyUserIsAbleToUpdateTheContactDetailsInManage" time="20.776"/>
</testsuite> <!-- testscript.Managecontacttest -->
