<?xml version="1.0" encoding="UTF-8"?>
<!-- Generated by org.testng.reporters.JUnitReportReporter -->
<testsuite hostname="DESKTOP-QMFSNLK" failures="0" tests="4" name="testscript.Subcategorytest" time="74.213" errors="0" timestamp="2025-03-19T21:35:45 IST" skipped="0">
  <testcase classname="testscript.Subcategorytest" name="verifyUserIsAbleTosearchTheCreatedSubcategoryInSearchbar" time="18.325"/>
  <testcase classname="testscript.Subcategorytest" name="verifyUserIsAbleToUpdateTheSubcategoryDetails" time="18.348"/>
  <testcase classname="testscript.Subcategorytest" name="verifyUserIsAbleTocreateSubcategoryWithValidDetails" time="19.038"/>
  <testcase classname="testscript.Subcategorytest" name="verifyUserIsAbleToDeleteButtonInSubcategoryTable" time="18.502"/>
</testsuite> <!-- testscript.Subcategorytest -->
