<?xml version="1.0" encoding="UTF-8"?>
<!-- Generated by org.testng.reporters.JUnitReportReporter -->
<testsuite hostname="DESKTOP-QMFSNLK" failures="0" tests="4" name="testscript.Adminusertest" time="58.034" errors="0" timestamp="2025-03-13T07:39:09 IST" skipped="0">
  <testcase classname="testscript.Adminusertest" name="verifyUserIsAbleTocreateNewAdminUser" time="10.985"/>
  <testcase classname="testscript.Adminusertest" name="verifyUserIsAbleTosearchAdminUser" time="21.028"/>
  <testcase classname="testscript.Adminusertest" name="verifyUserIsAbleToDeleteTheAdminUser" time="13.166"/>
  <testcase classname="testscript.Adminusertest" name="verifyUserIsAbleToUpdateTheAdminUser" time="12.855"/>
</testsuite> <!-- testscript.Adminusertest -->
