<?xml version="1.0" encoding="UTF-8"?>
<!-- Generated by org.testng.reporters.JUnitReportReporter -->
<testsuite hostname="DESKTOP-QMFSNLK" failures="0" tests="4" name="testscript.Subcategorytest" time="41.451" errors="0" timestamp="2025-03-12T07:43:30 IST" skipped="0">
  <testcase classname="testscript.Subcategorytest" name="verifyUserIsAbleToDeleteButtonInSubcategoryTable" time="10.584"/>
  <testcase classname="testscript.Subcategorytest" name="verifyUserIsAbleToUpdateTheSubcategoryDetails" time="11.697"/>
  <testcase classname="testscript.Subcategorytest" name="verifyUserIsAbleTocreateSubcategoryWithValidDetails" time="9.990"/>
  <testcase classname="testscript.Subcategorytest" name="verifyUserIsAbleTosearchTheCreatedSubcategoryInSearchbar" time="9.180"/>
</testsuite> <!-- testscript.Subcategorytest -->
