<?xml version="1.0" encoding="UTF-8"?>
<!-- Generated by org.testng.reporters.JUnitReportReporter -->
<testsuite hostname="DESKTOP-QMFSNLK" failures="0" tests="4" name="testscript.Categorytest" time="58.937" errors="0" timestamp="2025-03-13T07:32:51 IST" skipped="0">
  <testcase classname="testscript.Categorytest" name="verifyUserIsAbleTocreateNewCategory" time="20.029"/>
  <testcase classname="testscript.Categorytest" name="verifyUserIsAbleTodeleteTheCategoryField" time="12.526"/>
  <testcase classname="testscript.Categorytest" name="verifyUserIsAbleTosearchCategory" time="14.325"/>
  <testcase classname="testscript.Categorytest" name="verifyUserIsAbleToupdateTheCategoryField" time="12.057"/>
</testsuite> <!-- testscript.Categorytest -->
