<?xml version="1.0" encoding="UTF-8"?>
<!-- Generated by org.testng.reporters.JUnitReportReporter -->
<testsuite hostname="DESKTOP-QMFSNLK" failures="0" tests="4" name="testscript.Adminusertest" time="80.843" errors="0" timestamp="2025-03-19T21:35:45 IST" skipped="0">
  <testcase classname="testscript.Adminusertest" name="verifyUserIsAbleTosearchAdminUser" time="13.455"/>
  <testcase classname="testscript.Adminusertest" name="verifyUserIsAbleTocreateNewAdminUser" time="15.292"/>
  <testcase classname="testscript.Adminusertest" name="verifyUserIsAbleToUpdateTheAdminUser" time="13.826"/>
  <testcase classname="testscript.Adminusertest" name="verifyUserIsAbleToDeleteTheAdminUser" time="38.270"/>
</testsuite> <!-- testscript.Adminusertest -->
