<?xml version="1.0" encoding="UTF-8"?>
<!-- Generated by org.testng.reporters.JUnitReportReporter -->
<testsuite hostname="DESKTOP-QMFSNLK" failures="0" tests="3" name="testscript.Managenewstest" time="53.044" errors="0" timestamp="2025-03-13T07:17:10 IST" skipped="0">
  <testcase classname="testscript.Managenewstest" name="verifyUserIsAbleTocreateNewsInManageNews" time="14.706"/>
  <testcase classname="testscript.Managenewstest" name="verifyUserIsAbleToDeleteNewsinManageNews" time="19.108"/>
  <testcase classname="testscript.Managenewstest" name="verifyUserIsAbleToSearchNewsUsingSearchButton" time="19.230"/>
</testsuite> <!-- testscript.Managenewstest -->
