<?xml version="1.0" encoding="UTF-8"?>
<!-- Generated by org.testng.reporters.JUnitReportReporter -->
<testsuite hostname="DESKTOP-QMFSNLK" failures="0" tests="1" name="testscript.Managecontacttest" time="17.693" errors="0" timestamp="2025-03-13T07:19:40 IST" skipped="0">
  <testcase classname="testscript.Managecontacttest" name="verifyUserIsAbleToupdateTheContactDetailsInManage" time="17.693"/>
</testsuite> <!-- testscript.Managecontacttest -->
