<?xml version="1.0" encoding="UTF-8"?>
<!-- Generated by org.testng.reporters.JUnitReportReporter -->
<testsuite hostname="DESKTOP-QMFSNLK" failures="0" tests="4" name="testscript.Adminusertest" time="44.206" errors="0" timestamp="2025-03-11T11:07:25 IST" skipped="0">
  <testcase classname="testscript.Adminusertest" name="verifyUserIsAbleTocreateNewAdminUser" time="11.986"/>
  <testcase classname="testscript.Adminusertest" name="verifyUserIsAbleToDeleteTheAdminUser" time="10.687"/>
  <testcase classname="testscript.Adminusertest" name="verifyUserIsAbleToUpdateTheAdminUser" time="10.869"/>
  <testcase classname="testscript.Adminusertest" name="verifyUserIsAbleTosearchAdminUser" time="10.664"/>
</testsuite> <!-- testscript.Adminusertest -->
