<?xml version="1.0" encoding="UTF-8"?>
<!-- Generated by org.testng.reporters.JUnitReportReporter -->
<testsuite hostname="DESKTOP-QMFSNLK" failures="0" tests="4" name="testscript.Adminusertest" time="61.326" errors="0" timestamp="2025-03-27T11:35:42 IST" skipped="0">
  <testcase classname="testscript.Adminusertest" name="verifyUserIsAbleTocreateNewAdminUser" time="14.652"/>
  <testcase classname="testscript.Adminusertest" name="verifyUserIsAbleToUpdateTheAdminUser" time="20.704"/>
  <testcase classname="testscript.Adminusertest" name="verifyUserIsAbleTosearchAdminUser" time="12.145"/>
  <testcase classname="testscript.Adminusertest" name="verifyUserIsAbleToDeleteTheAdminUser" time="13.825"/>
</testsuite> <!-- testscript.Adminusertest -->
