<?xml version="1.0" encoding="UTF-8"?>
<!-- Generated by org.testng.reporters.JUnitReportReporter -->
<testsuite hostname="DESKTOP-QMFSNLK" failures="0" tests="4" name="testscript.Managenewstest" time="106.269" errors="0" timestamp="2025-03-19T21:35:45 IST" skipped="1">
  <testcase classname="testscript.Managenewstest" name="verifyUserIsAbleTocreateNewsInManageNews" time="15.696"/>
  <testcase classname="testscript.Managenewstest" name="verifyUserIsAbleToDeleteNewsinManageNews" time="59.722"/>
  <testcase classname="testscript.Managenewstest" name="verifyUserIsAbleToSearchNewsUsingSearchButton" time="14.216"/>
  <testcase classname="testscript.Managenewstest" name="verifyUserIsAbleToSearchNewsUsingSearchButton" time="16.635">
    <skipped/>
  </testcase> <!-- verifyUserIsAbleToSearchNewsUsingSearchButton -->
</testsuite> <!-- testscript.Managenewstest -->
